This is pdfTeX, Version 3.141592653-2.6-1.40.23 (MiKTeX 21.8) (preloaded format=pdflatex 2021.9.18)  18 SEP 2021 22:52
entering extended mode
**./isabec-template.tex
(isabec-template.tex
LaTeX2e <2021-06-01> patch level 1
L3 programming layer <2021-08-27> (isabec.cls
Document Class: isabec 2015/09/24 v1.0 Standard LaTeX document class
\authorcount=\count182
\tempcount=\count183
\temphistbox=\box50
\c@part=\count184
\c@section=\count185
\c@subsection=\count186
\c@subsubsection=\count187
\c@paragraph=\count188
\c@subparagraph=\count189
\absbox=\box51
\c@figure=\count190
\c@table=\count191
\abovecaptionskip=\skip47
\belowcaptionskip=\skip48
\tempbox=\box52
\bibindent=\dimen138
(C:\Users\jonat\AppData\Local\Programs\MiKTeX\tex/latex/graphics\graphicx.sty
Package: graphicx 2020/12/05 v1.2c Enhanced LaTeX Graphics (DPC,SPQR)

(C:\Users\jonat\AppData\Local\Programs\MiKTeX\tex/latex/graphics\keyval.sty
Package: keyval 2014/10/28 v1.15 key=value parser (DPC)
\KV@toks@=\toks16
)
(C:\Users\jonat\AppData\Local\Programs\MiKTeX\tex/latex/graphics\graphics.sty
Package: graphics 2021/03/04 v1.4d Standard LaTeX Graphics (DPC,SPQR)

(C:\Users\jonat\AppData\Local\Programs\MiKTeX\tex/latex/graphics\trig.sty
Package: trig 2016/01/03 v1.10 sin cos tan (DPC)
)
(C:\Users\jonat\AppData\Local\Programs\MiKTeX\tex/latex/graphics-cfg\graphics.c
fg
File: graphics.cfg 2016/06/04 v1.11 sample graphics configuration
)
Package graphics Info: Driver file: pdftex.def on input line 107.

(C:\Users\jonat\AppData\Local\Programs\MiKTeX\tex/latex/graphics-def\pdftex.def
File: pdftex.def 2020/10/05 v1.2a Graphics/color driver for pdftex
))
\Gin@req@height=\dimen139
\Gin@req@width=\dimen140
)
\listpaircount=\count192
\termdimen=\dimen141
\deftempbox=\box53
\deftmpcnt=\count193
\defwidtmpcnt=\count194
 (C:\Users\jonat\AppData\Local\Programs\MiKTeX\tex/latex/amscls\amsthm.sty
Package: amsthm 2020/05/29 v2.20.6
\thm@style=\toks17
\thm@bodyfont=\toks18
\thm@headfont=\toks19
\thm@notefont=\toks20
\thm@headpunct=\toks21
\thm@preskip=\skip49
\thm@postskip=\skip50
\thm@headsep=\skip51
\dth@everypar=\toks22
)
\c@theorem=\count195
\c@lemma=\count196
\c@proposition=\count197
\c@corollary=\count198
\c@definition=\count199
\c@assumption=\count266
\c@notation=\count267
\c@remark=\count268
\c@note=\count269
\c@case=\count270
\c@step=\count271
\c@problem=\count272
\c@exibition=\count273
\c@establish=\count274
\c@result=\count275
\c@example=\count276
\c@claim=\count277
\c@Conjecture=\count278
\c@Conjection=\count279
) (C:\Users\jonat\AppData\Local\Programs\MiKTeX\tex/latex/natbib\natbib.sty
Package: natbib 2010/09/13 8.31b (PWD, AO)
\bibhang=\skip52
\bibsep=\skip53
LaTeX Info: Redefining \cite on input line 694.
\c@NAT@ctr=\count280
)
(C:\Users\jonat\AppData\Local\Programs\MiKTeX\tex/latex/graphics\rotating.sty
Package: rotating 2016/08/11 v2.16d rotated objects in LaTeX

(C:\Users\jonat\AppData\Local\Programs\MiKTeX\tex/latex/base\ifthen.sty
Package: ifthen 2020/11/24 v1.1c Standard LaTeX ifthen package (DPC)
)
\c@r@tfl@t=\count281
\rotFPtop=\skip54
\rotFPbot=\skip55
\rot@float@box=\box54
\rot@mess@toks=\toks23
)
(C:\Users\jonat\AppData\Local\Programs\MiKTeX\tex/latex/txfonts\txfonts.sty
Package: txfonts 2008/01/22 v3.2.1
LaTeX Font Info:    Redeclaring symbol font `operators' on input line 21.
LaTeX Font Info:    Overwriting symbol font `operators' in version `normal'
(Font)                  OT1/cmr/m/n --> OT1/txr/m/n on input line 21.
LaTeX Font Info:    Overwriting symbol font `operators' in version `bold'
(Font)                  OT1/cmr/bx/n --> OT1/txr/m/n on input line 21.
LaTeX Font Info:    Overwriting symbol font `operators' in version `bold'
(Font)                  OT1/txr/m/n --> OT1/txr/bx/n on input line 22.
\symitalic=\mathgroup4
LaTeX Font Info:    Overwriting symbol font `italic' in version `bold'
(Font)                  OT1/txr/m/it --> OT1/txr/bx/it on input line 26.
LaTeX Font Info:    Redeclaring math alphabet \mathbf on input line 29.
LaTeX Font Info:    Overwriting math alphabet `\mathbf' in version `normal'
(Font)                  OT1/cmr/bx/n --> OT1/txr/bx/n on input line 29.
LaTeX Font Info:    Overwriting math alphabet `\mathbf' in version `bold'
(Font)                  OT1/cmr/bx/n --> OT1/txr/bx/n on input line 29.
LaTeX Font Info:    Redeclaring math alphabet \mathit on input line 30.
LaTeX Font Info:    Overwriting math alphabet `\mathit' in version `normal'
(Font)                  OT1/cmr/m/it --> OT1/txr/m/it on input line 30.
LaTeX Font Info:    Overwriting math alphabet `\mathit' in version `bold'
(Font)                  OT1/cmr/bx/it --> OT1/txr/m/it on input line 30.
LaTeX Font Info:    Overwriting math alphabet `\mathit' in version `bold'
(Font)                  OT1/txr/m/it --> OT1/txr/bx/it on input line 31.
LaTeX Font Info:    Redeclaring math alphabet \mathsf on input line 40.
LaTeX Font Info:    Overwriting math alphabet `\mathsf' in version `normal'
(Font)                  OT1/cmss/m/n --> OT1/txss/m/n on input line 40.
LaTeX Font Info:    Overwriting math alphabet `\mathsf' in version `bold'
(Font)                  OT1/cmss/bx/n --> OT1/txss/m/n on input line 40.
LaTeX Font Info:    Overwriting math alphabet `\mathsf' in version `bold'
(Font)                  OT1/txss/m/n --> OT1/txss/b/n on input line 41.
LaTeX Font Info:    Redeclaring math alphabet \mathtt on input line 50.
LaTeX Font Info:    Overwriting math alphabet `\mathtt' in version `normal'
(Font)                  OT1/cmtt/m/n --> OT1/txtt/m/n on input line 50.
LaTeX Font Info:    Overwriting math alphabet `\mathtt' in version `bold'
(Font)                  OT1/cmtt/m/n --> OT1/txtt/m/n on input line 50.
LaTeX Font Info:    Overwriting math alphabet `\mathtt' in version `bold'
(Font)                  OT1/txtt/m/n --> OT1/txtt/b/n on input line 51.
LaTeX Font Info:    Redeclaring symbol font `letters' on input line 58.
LaTeX Font Info:    Overwriting symbol font `letters' in version `normal'
(Font)                  OML/cmm/m/it --> OML/txmi/m/it on input line 58.
LaTeX Font Info:    Overwriting symbol font `letters' in version `bold'
(Font)                  OML/cmm/b/it --> OML/txmi/m/it on input line 58.
LaTeX Font Info:    Overwriting symbol font `letters' in version `bold'
(Font)                  OML/txmi/m/it --> OML/txmi/bx/it on input line 59.
\symlettersA=\mathgroup5
LaTeX Font Info:    Overwriting symbol font `lettersA' in version `bold'
(Font)                  U/txmia/m/it --> U/txmia/bx/it on input line 67.
LaTeX Font Info:    Redeclaring symbol font `symbols' on input line 77.
LaTeX Font Info:    Overwriting symbol font `symbols' in version `normal'
(Font)                  OMS/cmsy/m/n --> OMS/txsy/m/n on input line 77.
LaTeX Font Info:    Overwriting symbol font `symbols' in version `bold'
(Font)                  OMS/cmsy/b/n --> OMS/txsy/m/n on input line 77.
LaTeX Font Info:    Overwriting symbol font `symbols' in version `bold'
(Font)                  OMS/txsy/m/n --> OMS/txsy/bx/n on input line 78.
\symAMSa=\mathgroup6
LaTeX Font Info:    Overwriting symbol font `AMSa' in version `bold'
(Font)                  U/txsya/m/n --> U/txsya/bx/n on input line 94.
\symAMSb=\mathgroup7
LaTeX Font Info:    Overwriting symbol font `AMSb' in version `bold'
(Font)                  U/txsyb/m/n --> U/txsyb/bx/n on input line 103.
\symsymbolsC=\mathgroup8
LaTeX Font Info:    Overwriting symbol font `symbolsC' in version `bold'
(Font)                  U/txsyc/m/n --> U/txsyc/bx/n on input line 113.
LaTeX Font Info:    Redeclaring symbol font `largesymbols' on input line 120.
LaTeX Font Info:    Overwriting symbol font `largesymbols' in version `normal'
(Font)                  OMX/cmex/m/n --> OMX/txex/m/n on input line 120.
LaTeX Font Info:    Overwriting symbol font `largesymbols' in version `bold'
(Font)                  OMX/cmex/m/n --> OMX/txex/m/n on input line 120.
LaTeX Font Info:    Overwriting symbol font `largesymbols' in version `bold'
(Font)                  OMX/txex/m/n --> OMX/txex/bx/n on input line 121.
\symlargesymbolsA=\mathgroup9
LaTeX Font Info:    Overwriting symbol font `largesymbolsA' in version `bold'
(Font)                  U/txexa/m/n --> U/txexa/bx/n on input line 129.
LaTeX Font Info:    Redeclaring math symbol \mathsterling on input line 164.
LaTeX Font Info:    Redeclaring math symbol \hbar on input line 591.
LaTeX Info: Redefining \not on input line 1043.
LaTeX Info: Redefining \textsquare on input line 1063.
LaTeX Info: Redefining \openbox on input line 1064.
)
LaTeX Font Info:    Trying to load font information for OT1+txr on input line 1
3.

(C:\Users\jonat\AppData\Local\Programs\MiKTeX\tex/latex/txfonts\ot1txr.fd
File: ot1txr.fd 2000/12/15 v3.1
)
(C:\Users\jonat\AppData\Local\Programs\MiKTeX\tex/latex/l3backend\l3backend-pdf
tex.def
File: l3backend-pdftex.def 2021-08-04 L3 backend support: PDF output (pdfTeX)
\l__color_backend_stack_int=\count282
\l__pdf_internal_box=\box55
) (isabec-template.aux)
\openout1 = `isabec-template.aux'.

LaTeX Font Info:    Checking defaults for OML/txmi/m/it on input line 13.
LaTeX Font Info:    Trying to load font information for OML+txmi on input line 
13.

(C:\Users\jonat\AppData\Local\Programs\MiKTeX\tex/latex/txfonts\omltxmi.fd
File: omltxmi.fd 2000/12/15 v3.1
)
LaTeX Font Info:    ... okay on input line 13.
LaTeX Font Info:    Checking defaults for OMS/txsy/m/n on input line 13.
LaTeX Font Info:    Trying to load font information for OMS+txsy on input line 
13.

(C:\Users\jonat\AppData\Local\Programs\MiKTeX\tex/latex/txfonts\omstxsy.fd
File: omstxsy.fd 2000/12/15 v3.1
)
LaTeX Font Info:    ... okay on input line 13.
LaTeX Font Info:    Checking defaults for OT1/cmr/m/n on input line 13.
LaTeX Font Info:    ... okay on input line 13.
LaTeX Font Info:    Checking defaults for T1/cmr/m/n on input line 13.
LaTeX Font Info:    ... okay on input line 13.
LaTeX Font Info:    Checking defaults for TS1/cmr/m/n on input line 13.
LaTeX Font Info:    ... okay on input line 13.
LaTeX Font Info:    Checking defaults for OMX/txex/m/n on input line 13.
LaTeX Font Info:    Trying to load font information for OMX+txex on input line 
13.

(C:\Users\jonat\AppData\Local\Programs\MiKTeX\tex/latex/txfonts\omxtxex.fd
File: omxtxex.fd 2000/12/15 v3.1
)
LaTeX Font Info:    ... okay on input line 13.
LaTeX Font Info:    Checking defaults for U/txexa/m/n on input line 13.
LaTeX Font Info:    Trying to load font information for U+txexa on input line 1
3.

(C:\Users\jonat\AppData\Local\Programs\MiKTeX\tex/latex/txfonts\utxexa.fd
File: utxexa.fd 2000/12/15 v3.1
)
LaTeX Font Info:    ... okay on input line 13.

(C:\Users\jonat\AppData\Local\Programs\MiKTeX\tex/context/base/mkii\supp-pdf.mk
ii
[Loading MPS to PDF converter (version 2006.09.02).]
\scratchcounter=\count283
\scratchdimen=\dimen142
\scratchbox=\box56
\nofMPsegments=\count284
\nofMParguments=\count285
\everyMPshowfont=\toks24
\MPscratchCnt=\count286
\MPscratchDim=\dimen143
\MPnumerator=\count287
\makeMPintoPDFobject=\count288
\everyMPtoPDFconversion=\toks25
)
(C:\Users\jonat\AppData\Local\Programs\MiKTeX\tex/latex/epstopdf-pkg\epstopdf-b
ase.sty
Package: epstopdf-base 2020-01-24 v2.11 Base part for package epstopdf
Package epstopdf-base Info: Redefining graphics rule for `.eps' on input line 4
85.

(C:\Users\jonat\AppData\Local\Programs\MiKTeX\tex/latex/00miktex\epstopdf-sys.c
fg
File: epstopdf-sys.cfg 2021/03/18 v2.0 Configuration of epstopdf for MiKTeX
))
LaTeX Font Info:    Trying to load font information for OT1+txss on input line 
32.
 (C:\Users\jonat\AppData\Local\Programs\MiKTeX\tex/latex/txfonts\ot1txss.fd
File: ot1txss.fd 2000/12/15 v3.1
)
LaTeX Font Info:    Font shape `OT1/txss/m/n' will be
(Font)              scaled to size 9.49997pt on input line 32.
LaTeX Font Info:    Font shape `OT1/txss/m/n' will be
(Font)              scaled to size 22.79993pt on input line 32.
LaTeX Font Info:    Font shape `OT1/txss/b/n' will be
(Font)              scaled to size 22.79993pt on input line 32.
LaTeX Font Info:    Font shape `OT1/txss/m/n' will be
(Font)              scaled to size 13.29996pt on input line 32.
LaTeX Font Info:    Font shape `OT1/txss/m/n' will be
(Font)              scaled to size 9.02496pt on input line 32.
LaTeX Font Info:    Font shape `OT1/txss/b/n' will be
(Font)              scaled to size 9.02496pt on input line 32.
LaTeX Font Info:    Calculating math sizes for size <9.5> on input line 32.
LaTeX Font Info:    Trying to load font information for U+txmia on input line 3
2.
 (C:\Users\jonat\AppData\Local\Programs\MiKTeX\tex/latex/txfonts\utxmia.fd
File: utxmia.fd 2000/12/15 v3.1
)
LaTeX Font Info:    Trying to load font information for U+txsya on input line 3
2.

(C:\Users\jonat\AppData\Local\Programs\MiKTeX\tex/latex/txfonts\utxsya.fd
File: utxsya.fd 2000/12/15 v3.1
)
LaTeX Font Info:    Trying to load font information for U+txsyb on input line 3
2.

(C:\Users\jonat\AppData\Local\Programs\MiKTeX\tex/latex/txfonts\utxsyb.fd
File: utxsyb.fd 2000/12/15 v3.1
)
LaTeX Font Info:    Trying to load font information for U+txsyc on input line 3
2.

(C:\Users\jonat\AppData\Local\Programs\MiKTeX\tex/latex/txfonts\utxsyc.fd
File: utxsyc.fd 2000/12/15 v3.1
)
LaTeX Font Info:    Trying to load font information for TS1+txr on input line 3
2.

(C:\Users\jonat\AppData\Local\Programs\MiKTeX\tex/latex/txfonts\ts1txr.fd
File: ts1txr.fd 2000/12/15 v3.1
)
LaTeX Font Info:    Font shape `OT1/txr/b/n' in size <8> not available
(Font)              Font shape `OT1/txr/bx/n' tried instead on input line 32.
LaTeX Font Info:    Font shape `OT1/txss/b/n' will be
(Font)              scaled to size 13.29996pt on input line 35.

Overfull \vbox (20.5pt too high) has occurred while \output is active []


Overfull \vbox (5.01749pt too high) has occurred while \output is active []


[1{C:/Users/jonat/AppData/Local/MiKTeX/pdftex/config/pdftex.map}

]
LaTeX Font Info:    Font shape `OT1/txss/m/n' will be
(Font)              scaled to size 10.21246pt on input line 56.
LaTeX Font Info:    Font shape `OT1/txss/b/n' will be
(Font)              scaled to size 10.21246pt on input line 56.
LaTeX Font Info:    Font shape `OT1/txss/m/n' will be
(Font)              scaled to size 9.73746pt on input line 80.
LaTeX Font Info:    Font shape `OT1/txss/b/n' will be
(Font)              scaled to size 9.73746pt on input line 80.
LaTeX Font Info:    Font shape `OT1/txss/b/it' in size <10.25> not available
(Font)              Font shape `OT1/txss/b/sl' tried instead on input line 80.
LaTeX Font Info:    Font shape `OT1/txss/b/sl' will be
(Font)              scaled to size 9.73746pt on input line 80.
LaTeX Font Info:    Font shape `OT1/txr/b/n' in size <10> not available
(Font)              Font shape `OT1/txr/bx/n' tried instead on input line 84.

Overfull \vbox (9.5pt too high) has occurred while \output is active []

 [2]
Overfull \vbox (9.5pt too high) has occurred while \output is active []

 [3]
Overfull \vbox (9.5pt too high) has occurred while \output is active []

 [4]
<fpo.pdf, id=24, 200.75pt x 200.75pt>
File: fpo.pdf Graphic file (type pdf)
<use fpo.pdf>
Package pdftex.def Info: fpo.pdf  used on input line 235.
(pdftex.def)             Requested size: 216.82513pt x 86.72514pt.
LaTeX Font Info:    Font shape `OT1/txss/m/n' will be
(Font)              scaled to size 7.59998pt on input line 237.
LaTeX Font Info:    Font shape `OT1/txss/b/n' will be
(Font)              scaled to size 9.49997pt on input line 246.

Underfull \vbox (badness 1975) has occurred while \output is active []


Overfull \vbox (9.5pt too high) has occurred while \output is active []

 [5 <./fpo.pdf>]
File: fpo.pdf Graphic file (type pdf)
<use fpo.pdf>
Package pdftex.def Info: fpo.pdf  used on input line 269.
(pdftex.def)             Requested size: 72.26993pt x 86.72514pt.
File: fpo.pdf Graphic file (type pdf)
<use fpo.pdf>
Package pdftex.def Info: fpo.pdf  used on input line 275.
(pdftex.def)             Requested size: 144.54906pt x 86.72514pt.

Overfull \hbox (1.01006pt too wide) in paragraph at lines 312--321
 [][] 
 []


Overfull \vbox (9.5pt too high) has occurred while \output is active []

 [6]
(isabec-template.aux) ) 
Here is how much of TeX's memory you used:
 3456 strings out of 478927
 45513 string characters out of 2852535
 331876 words of memory out of 3000000
 21248 multiletter control sequences out of 15000+600000
 480170 words of font info for 202 fonts, out of 8000000 for 9000
 1141 hyphenation exceptions out of 8191
 72i,10n,80p,834b,312s stack positions out of 5000i,500n,10000p,200000b,80000s
{C:/Users/jonat/AppData/Local/Programs/MiKTeX/fonts/enc/
dvips/base/8r.enc}<C:/Users/jonat/AppData/Local/Programs/MiKTeX/fonts/type1/pub
lic/txfonts/rtcxr.pfb><C:/Users/jonat/AppData/Local/Programs/MiKTeX/fonts/type1
/public/txfonts/rtxmi.pfb><C:/Users/jonat/AppData/Local/Programs/MiKTeX/fonts/t
ype1/public/txfonts/rtxr.pfb><C:/Users/jonat/AppData/Local/Programs/MiKTeX/font
s/type1/public/txfonts/rtxsc.pfb><C:/Users/jonat/AppData/Local/Programs/MiKTeX/
fonts/type1/public/txfonts/txsya.pfb><C:/Users/jonat/AppData/Local/Programs/MiK
TeX/fonts/type1/urw/helvetic/uhvb8a.pfb><C:/Users/jonat/AppData/Local/Programs/
MiKTeX/fonts/type1/urw/helvetic/uhvb8a.pfb><C:/Users/jonat/AppData/Local/Progra
ms/MiKTeX/fonts/type1/urw/helvetic/uhvr8a.pfb><C:/Users/jonat/AppData/Local/Pro
grams/MiKTeX/fonts/type1/urw/times/utmb8a.pfb><C:/Users/jonat/AppData/Local/Pro
grams/MiKTeX/fonts/type1/urw/times/utmr8a.pfb><C:/Users/jonat/AppData/Local/Pro
grams/MiKTeX/fonts/type1/urw/times/utmri8a.pfb>
Output written on isabec-template.pdf (6 pages, 112743 bytes).
PDF statistics:
 85 PDF objects out of 1000 (max. 8388607)
 0 named destinations out of 1000 (max. 500000)
 6 words of extra memory for PDF output out of 10000 (max. 10000000)

